"Task Aware Debugger for GDB" version 11.8.0 (202306131047)
Copyright 2016-2023 NXP
==================================
02:37:32.495 INFO: [TadModel] DSF session ID 6 has started.
02:37:38.552 INFO: [TadState] TAD state changed: DEBUG_STARTED -> DEBUG_INIT_0 (SUSPENDED, USER_REQUEST)
02:37:40.809 INFO: [TadState] TAD state changed: DEBUG_INIT_0 -> DEBUG_INIT_1 (RESUMED, USER_REQUEST)
02:37:40.862 INFO: [TadState] TAD state changed: DEBUG_INIT_1 -> DEBUG_SUSPENDED (SUSPENDED, BREAKPOINT)
02:37:43.691 INFO: [TadState] TAD state changed: DEBUG_SUSPENDED -> DEBUG_RESUMED (RESUMED, STEP)
02:37:43.819 INFO: [TadState] TAD state changed: DEBUG_RESUMED -> READY (SUSPENDED, STEP)
02:37:44.321 INFO: [TadState] TAD state changed: READY -> DEBUG_RESUMED (RESUMED, STEP)
02:37:44.427 INFO: [TadState] TAD state changed: DEBUG_RESUMED -> READY (SUSPENDED, STEP)
02:37:44.684 INFO: [TadState] TAD state changed: READY -> DEBUG_RESUMED (RESUMED, STEP)
02:37:44.803 INFO: [TadState] TAD state changed: DEBUG_RESUMED -> READY (SUSPENDED, STEP)
02:37:45.190 INFO: [TadState] TAD state changed: READY -> DEBUG_RESUMED (RESUMED, STEP)
02:37:45.287 INFO: [TadState] TAD state changed: DEBUG_RESUMED -> READY (SUSPENDED, BREAKPOINT)
02:37:45.697 INFO: [TadState] TAD state changed: READY -> DEBUG_RESUMED (RESUMED, STEP)
02:37:45.800 INFO: [TadState] TAD state changed: DEBUG_RESUMED -> READY (SUSPENDED, BREAKPOINT)
02:37:50.773 INFO: [TadState] TAD state changed: READY -> DEBUG_RESUMED (RESUMED, STEP)
02:37:51.62 INFO: [TadState] TAD state changed: DEBUG_RESUMED -> READY (SUSPENDED, STEP)
02:37:52.09 INFO: [TadState] TAD state changed: READY -> DEBUG_RESUMED (RESUMED, STEP)
02:37:52.160 INFO: [TadState] TAD state changed: DEBUG_RESUMED -> READY (SUSPENDED, STEP)
02:37:52.880 INFO: [TadState] TAD state changed: READY -> DEBUG_RESUMED (RESUMED, STEP)
02:37:53.25 INFO: [TadState] TAD state changed: DEBUG_RESUMED -> READY (SUSPENDED, STEP)
02:37:53.672 INFO: [TadState] TAD state changed: READY -> DEBUG_RESUMED (RESUMED, STEP)
02:37:53.814 INFO: [TadState] TAD state changed: DEBUG_RESUMED -> READY (SUSPENDED, STEP)
02:37:54.149 INFO: [TadState] TAD state changed: READY -> DEBUG_RESUMED (RESUMED, STEP)
02:37:54.285 INFO: [TadState] TAD state changed: DEBUG_RESUMED -> READY (SUSPENDED, STEP)
02:37:54.667 INFO: [TadState] TAD state changed: READY -> DEBUG_RESUMED (RESUMED, STEP)
02:37:54.860 INFO: [TadState] TAD state changed: DEBUG_RESUMED -> READY (SUSPENDED, STEP)
02:37:55.217 INFO: [TadState] TAD state changed: READY -> DEBUG_RESUMED (RESUMED, STEP)
02:37:55.481 INFO: [TadState] TAD state changed: DEBUG_RESUMED -> READY (SUSPENDED, STEP)
02:37:56.139 INFO: [TadState] TAD state changed: READY -> DEBUG_RESUMED (RESUMED, STEP)
02:37:56.904 INFO: [TadState] TAD state changed: DEBUG_RESUMED -> READY (SUSPENDED, STEP)
02:37:57.801 INFO: [TadState] TAD state changed: READY -> DEBUG_RESUMED (RESUMED, STEP)
02:37:58.77 INFO: [TadState] TAD state changed: DEBUG_RESUMED -> READY (SUSPENDED, STEP)
02:37:58.306 INFO: [TadState] TAD state changed: READY -> DEBUG_RESUMED (RESUMED, STEP)
02:37:58.575 INFO: [TadState] TAD state changed: DEBUG_RESUMED -> READY (SUSPENDED, STEP)
02:37:58.875 INFO: [TadState] TAD state changed: READY -> DEBUG_RESUMED (RESUMED, STEP)
02:37:59.151 INFO: [TadState] TAD state changed: DEBUG_RESUMED -> READY (SUSPENDED, STEP)
02:37:59.428 INFO: [TadState] TAD state changed: READY -> DEBUG_RESUMED (RESUMED, STEP)
02:37:59.565 INFO: [TadState] TAD state changed: DEBUG_RESUMED -> READY (SUSPENDED, STEP)
02:37:59.967 INFO: [TadState] TAD state changed: READY -> DEBUG_RESUMED (RESUMED, STEP)
02:38:00.111 INFO: [TadState] TAD state changed: DEBUG_RESUMED -> READY (SUSPENDED, STEP)
02:38:00.536 INFO: [TadState] TAD state changed: READY -> DEBUG_RESUMED (RESUMED, STEP)
02:38:00.679 INFO: [TadState] TAD state changed: DEBUG_RESUMED -> READY (SUSPENDED, STEP)
02:38:01.84 INFO: [TadState] TAD state changed: READY -> DEBUG_RESUMED (RESUMED, STEP)
02:38:01.361 INFO: [TadState] TAD state changed: DEBUG_RESUMED -> READY (SUSPENDED, STEP)
02:38:01.618 INFO: [TadState] TAD state changed: READY -> DEBUG_RESUMED (RESUMED, STEP)
02:38:01.982 INFO: [TadState] TAD state changed: DEBUG_RESUMED -> READY (SUSPENDED, SIGNAL)
02:38:14.154 INFO: [TadState] TAD state changed: READY -> DEBUG_RESUMED (RESUMED, USER_REQUEST)
02:38:14.203 INFO: [TadState] TAD state changed: DEBUG_RESUMED -> READY (SUSPENDED, SIGNAL)
02:38:17.770 INFO: [TadModel] DSF session ID 6 has ended.
