"Task Aware Debugger for GDB" version 11.8.0 (202306131047)
Copyright 2016-2023 NXP
==================================
19:26:23.421 INFO: [TadModel] DSF session ID 9 has started.
19:26:28.494 INFO: [TadState] TAD state changed: DEBUG_STARTED -> DEBUG_INIT_0 (SUSPENDED, USER_REQUEST)
19:26:30.650 INFO: [TadState] TAD state changed: DEBUG_INIT_0 -> DEBUG_INIT_1 (RESUMED, USER_REQUEST)
19:26:30.703 INFO: [TadState] TAD state changed: DEBUG_INIT_1 -> DEBUG_SUSPENDED (SUSPENDED, BREAKPOINT)
19:26:33.275 INFO: [TadState] TAD state changed: DEBUG_SUSPENDED -> DEBUG_RESUMED (RESUMED, STEP)
19:26:33.405 INFO: [TadState] TAD state changed: DEBUG_RESUMED -> READY (SUSPENDED, STEP)
19:26:34.402 INFO: [TadState] TAD state changed: READY -> DEBUG_RESUMED (RESUMED, STEP)
19:26:34.521 INFO: [TadState] TAD state changed: DEBUG_RESUMED -> READY (SUSPENDED, STEP)
19:26:37.362 INFO: [TadState] TAD state changed: READY -> DEBUG_RESUMED (RESUMED, STEP)
19:26:37.481 INFO: [TadState] TAD state changed: DEBUG_RESUMED -> READY (SUSPENDED, STEP)
19:26:40.191 INFO: [TadState] TAD state changed: READY -> DEBUG_RESUMED (RESUMED, STEP)
19:26:40.309 INFO: [TadState] TAD state changed: DEBUG_RESUMED -> READY (SUSPENDED, STEP)
19:26:43.148 INFO: [TadState] TAD state changed: READY -> DEBUG_RESUMED (RESUMED, STEP)
19:26:43.247 INFO: [TadState] TAD state changed: DEBUG_RESUMED -> READY (SUSPENDED, BREAKPOINT)
19:26:46.219 INFO: [TadState] TAD state changed: READY -> DEBUG_RESUMED (RESUMED, STEP)
19:26:46.494 INFO: [TadState] TAD state changed: DEBUG_RESUMED -> READY (SUSPENDED, STEP)
19:26:48.972 INFO: [TadState] TAD state changed: READY -> DEBUG_RESUMED (RESUMED, STEP)
19:26:49.81 INFO: [TadState] TAD state changed: DEBUG_RESUMED -> READY (SUSPENDED, STEP)
19:26:51.466 INFO: [TadState] TAD state changed: READY -> DEBUG_RESUMED (RESUMED, STEP)
19:26:51.737 INFO: [TadState] TAD state changed: DEBUG_RESUMED -> READY (SUSPENDED, STEP)
19:26:53.164 INFO: [TadState] TAD state changed: READY -> DEBUG_RESUMED (RESUMED, STEP)
19:26:53.327 INFO: [TadState] TAD state changed: DEBUG_RESUMED -> READY (SUSPENDED, STEP)
19:26:54.463 INFO: [TadState] TAD state changed: READY -> DEBUG_RESUMED (RESUMED, STEP)
19:26:54.667 INFO: [TadState] TAD state changed: DEBUG_RESUMED -> READY (SUSPENDED, STEP)
19:26:55.420 INFO: [TadState] TAD state changed: READY -> DEBUG_RESUMED (RESUMED, STEP)
19:26:55.575 INFO: [TadState] TAD state changed: DEBUG_RESUMED -> READY (SUSPENDED, STEP)
19:26:56.292 INFO: [TadState] TAD state changed: READY -> DEBUG_RESUMED (RESUMED, STEP)
19:26:56.455 INFO: [TadState] TAD state changed: DEBUG_RESUMED -> READY (SUSPENDED, STEP)
19:26:57.227 INFO: [TadState] TAD state changed: READY -> DEBUG_RESUMED (RESUMED, STEP)
19:26:57.431 INFO: [TadState] TAD state changed: DEBUG_RESUMED -> READY (SUSPENDED, STEP)
19:26:58.126 INFO: [TadState] TAD state changed: READY -> DEBUG_RESUMED (RESUMED, STEP)
19:26:58.273 INFO: [TadState] TAD state changed: DEBUG_RESUMED -> READY (SUSPENDED, STEP)
19:26:59.32 INFO: [TadState] TAD state changed: READY -> DEBUG_RESUMED (RESUMED, STEP)
19:26:59.234 INFO: [TadState] TAD state changed: DEBUG_RESUMED -> READY (SUSPENDED, STEP)
19:27:00.28 INFO: [TadState] TAD state changed: READY -> DEBUG_RESUMED (RESUMED, STEP)
19:27:00.266 INFO: [TadState] TAD state changed: DEBUG_RESUMED -> READY (SUSPENDED, STEP)
19:27:01.07 INFO: [TadState] TAD state changed: READY -> DEBUG_RESUMED (RESUMED, STEP)
19:27:01.340 INFO: [TadState] TAD state changed: DEBUG_RESUMED -> READY (SUSPENDED, STEP)
19:27:10.726 INFO: [TadState] TAD state changed: READY -> DEBUG_RESUMED (RESUMED, STEP)
19:27:11.97 INFO: [TadState] TAD state changed: DEBUG_RESUMED -> READY (SUSPENDED, STEP)
19:27:19.906 INFO: [TadState] TAD state changed: READY -> DEBUG_RESUMED (RESUMED, STEP)
19:27:20.110 INFO: [TadState] TAD state changed: DEBUG_RESUMED -> READY (SUSPENDED, STEP)
19:27:22.05 INFO: [TadState] TAD state changed: READY -> DEBUG_RESUMED (RESUMED, STEP)
19:27:22.58 INFO: [TadState] TAD state changed: DEBUG_RESUMED -> READY (SUSPENDED, STEP)
19:27:23.667 INFO: [TadState] TAD state changed: READY -> DEBUG_RESUMED (RESUMED, STEP)
19:27:23.868 INFO: [TadState] TAD state changed: DEBUG_RESUMED -> READY (SUSPENDED, STEP)
19:27:27.987 INFO: [TadState] TAD state changed: READY -> DEBUG_RESUMED (RESUMED, STEP)
19:27:28.96 INFO: [TadState] TAD state changed: DEBUG_RESUMED -> READY (SUSPENDED, BREAKPOINT)
19:27:34.892 INFO: [TadState] TAD state changed: READY -> DEBUG_RESUMED (RESUMED, STEP)
19:27:35.02 INFO: [TadState] TAD state changed: DEBUG_RESUMED -> READY (SUSPENDED, BREAKPOINT)
19:27:47.466 INFO: [TadState] TAD state changed: READY -> DEBUG_RESUMED (RESUMED, STEP)
19:27:47.867 INFO: [TadState] TAD state changed: DEBUG_RESUMED -> READY (SUSPENDED, STEP)
19:27:49.145 INFO: [TadState] TAD state changed: READY -> DEBUG_RESUMED (RESUMED, STEP)
19:27:49.517 INFO: [TadState] TAD state changed: DEBUG_RESUMED -> READY (SUSPENDED, STEP)
19:27:50.425 INFO: [TadState] TAD state changed: READY -> DEBUG_RESUMED (RESUMED, STEP)
19:27:50.624 INFO: [TadState] TAD state changed: DEBUG_RESUMED -> READY (SUSPENDED, STEP)
19:27:51.392 INFO: [TadState] TAD state changed: READY -> DEBUG_RESUMED (RESUMED, STEP)
19:27:51.445 INFO: [TadState] TAD state changed: DEBUG_RESUMED -> READY (SUSPENDED, STEP)
19:27:52.483 INFO: [TadState] TAD state changed: READY -> DEBUG_RESUMED (RESUMED, STEP)
19:27:52.744 INFO: [TadState] TAD state changed: DEBUG_RESUMED -> READY (SUSPENDED, STEP)
19:27:56.133 INFO: [TadState] TAD state changed: READY -> DEBUG_RESUMED (RESUMED, STEP)
19:27:56.264 INFO: [TadState] TAD state changed: DEBUG_RESUMED -> READY (SUSPENDED, STEP)
19:27:59.749 INFO: [TadState] TAD state changed: READY -> DEBUG_RESUMED (RESUMED, STEP)
19:27:59.953 INFO: [TadState] TAD state changed: DEBUG_RESUMED -> READY (SUSPENDED, STEP)
19:28:08.854 INFO: [TadState] TAD state changed: READY -> DEBUG_RESUMED (RESUMED, STEP)
19:28:09.72 INFO: [TadState] TAD state changed: DEBUG_RESUMED -> READY (SUSPENDED, STEP)
19:28:14.420 INFO: [TadState] TAD state changed: READY -> DEBUG_RESUMED (RESUMED, STEP)
19:28:14.634 INFO: [TadState] TAD state changed: DEBUG_RESUMED -> READY (SUSPENDED, STEP)
19:28:17.564 INFO: [TadState] TAD state changed: READY -> DEBUG_RESUMED (RESUMED, STEP)
19:28:17.930 INFO: [TadState] TAD state changed: DEBUG_RESUMED -> READY (SUSPENDED, STEP)
19:28:24.636 INFO: [TadState] TAD state changed: READY -> DEBUG_RESUMED (RESUMED, STEP)
19:28:24.944 INFO: [TadState] TAD state changed: DEBUG_RESUMED -> READY (SUSPENDED, STEP)
19:28:33.105 INFO: [TadState] TAD state changed: READY -> DEBUG_RESUMED (RESUMED, STEP)
19:28:33.377 INFO: [TadState] TAD state changed: DEBUG_RESUMED -> READY (SUSPENDED, STEP)
19:28:36.164 INFO: [TadState] TAD state changed: READY -> DEBUG_RESUMED (RESUMED, STEP)
19:28:36.326 INFO: [TadState] TAD state changed: DEBUG_RESUMED -> READY (SUSPENDED, STEP)
19:28:38.576 INFO: [TadState] TAD state changed: READY -> DEBUG_RESUMED (RESUMED, STEP)
19:28:38.976 INFO: [TadState] TAD state changed: DEBUG_RESUMED -> READY (SUSPENDED, STEP)
19:28:39.905 INFO: [TadState] TAD state changed: READY -> DEBUG_RESUMED (RESUMED, STEP)
19:28:40.67 INFO: [TadState] TAD state changed: DEBUG_RESUMED -> READY (SUSPENDED, STEP)
19:28:43.185 INFO: [TadState] TAD state changed: READY -> DEBUG_RESUMED (RESUMED, STEP)
19:28:43.484 INFO: [TadState] TAD state changed: DEBUG_RESUMED -> READY (SUSPENDED, STEP)
19:28:44.863 INFO: [TadState] TAD state changed: READY -> DEBUG_RESUMED (RESUMED, STEP)
19:28:44.932 INFO: [TadState] TAD state changed: DEBUG_RESUMED -> READY (SUSPENDED, STEP)
19:28:46.55 INFO: [TadState] TAD state changed: READY -> DEBUG_RESUMED (RESUMED, STEP)
19:28:46.405 INFO: [TadState] TAD state changed: DEBUG_RESUMED -> READY (SUSPENDED, STEP)
19:29:07.968 INFO: [TadState] TAD state changed: READY -> DEBUG_RESUMED (RESUMED, STEP)
19:29:08.74 INFO: [TadState] TAD state changed: DEBUG_RESUMED -> READY (SUSPENDED, STEP)
19:29:11.888 INFO: [TadState] TAD state changed: READY -> DEBUG_RESUMED (RESUMED, STEP)
19:29:12.177 INFO: [TadState] TAD state changed: DEBUG_RESUMED -> READY (SUSPENDED, STEP)
19:29:14.436 INFO: [TadState] TAD state changed: READY -> DEBUG_RESUMED (RESUMED, STEP)
19:29:14.488 INFO: [TadState] TAD state changed: DEBUG_RESUMED -> READY (SUSPENDED, STEP)
19:29:15.640 INFO: [TadState] TAD state changed: READY -> DEBUG_RESUMED (RESUMED, STEP)
19:29:16.01 INFO: [TadState] TAD state changed: DEBUG_RESUMED -> READY (SUSPENDED, STEP)
19:29:42.824 INFO: [TadModel] DSF session ID 9 has ended.
