"Task Aware Debugger for GDB" version 11.8.0 (202306131047)
Copyright 2016-2023 NXP
==================================
02:31:38.637 INFO: [TadModel] DSF session ID 3 has started.
02:31:44.247 INFO: [TadState] TAD state changed: DEBUG_STARTED -> DEBUG_INIT_0 (SUSPENDED, USER_REQUEST)
02:31:46.507 INFO: [TadState] TAD state changed: DEBUG_INIT_0 -> DEBUG_INIT_1 (RESUMED, USER_REQUEST)
02:31:46.554 INFO: [TadState] TAD state changed: DEBUG_INIT_1 -> DEBUG_SUSPENDED (SUSPENDED, BREAKPOINT)
02:31:48.846 INFO: [TadState] TAD state changed: DEBUG_SUSPENDED -> DEBUG_RESUMED (RESUMED, USER_REQUEST)
02:31:48.888 INFO: [TadState] TAD state changed: DEBUG_RESUMED -> READY (SUSPENDED, BREAKPOINT)
02:31:52.208 INFO: [TadState] TAD state changed: READY -> DEBUG_RESUMED (RESUMED, STEP)
02:31:52.484 INFO: [TadState] TAD state changed: DEBUG_RESUMED -> READY (SUSPENDED, STEP)
02:31:55.999 INFO: [TadState] TAD state changed: READY -> DEBUG_RESUMED (RESUMED, STEP)
02:31:56.162 INFO: [TadState] TAD state changed: DEBUG_RESUMED -> READY (SUSPENDED, STEP)
02:32:02.201 INFO: [TadState] TAD state changed: READY -> DEBUG_RESUMED (RESUMED, STEP)
02:32:02.347 INFO: [TadState] TAD state changed: DEBUG_RESUMED -> READY (SUSPENDED, STEP)
02:32:03.340 INFO: [TadState] TAD state changed: READY -> DEBUG_RESUMED (RESUMED, STEP)
02:32:03.477 INFO: [TadState] TAD state changed: DEBUG_RESUMED -> READY (SUSPENDED, STEP)
02:32:04.400 INFO: [TadState] TAD state changed: READY -> DEBUG_RESUMED (RESUMED, STEP)
02:32:04.537 INFO: [TadState] TAD state changed: DEBUG_RESUMED -> READY (SUSPENDED, STEP)
02:32:05.732 INFO: [TadState] TAD state changed: READY -> DEBUG_RESUMED (RESUMED, STEP)
02:32:05.931 INFO: [TadState] TAD state changed: DEBUG_RESUMED -> READY (SUSPENDED, STEP)
02:32:07.698 INFO: [TadState] TAD state changed: READY -> DEBUG_RESUMED (RESUMED, STEP)
02:32:07.969 INFO: [TadState] TAD state changed: DEBUG_RESUMED -> READY (SUSPENDED, STEP)
02:32:11.856 INFO: [TadState] TAD state changed: READY -> DEBUG_RESUMED (RESUMED, STEP)
02:32:12.614 INFO: [TadState] TAD state changed: DEBUG_RESUMED -> READY (SUSPENDED, STEP)
02:32:14.439 INFO: [TadState] TAD state changed: READY -> DEBUG_RESUMED (RESUMED, STEP)
02:32:14.744 INFO: [TadState] TAD state changed: DEBUG_RESUMED -> READY (SUSPENDED, STEP)
02:32:15.752 INFO: [TadState] TAD state changed: READY -> DEBUG_RESUMED (RESUMED, STEP)
02:32:16.37 INFO: [TadState] TAD state changed: DEBUG_RESUMED -> READY (SUSPENDED, STEP)
02:32:16.842 INFO: [TadState] TAD state changed: READY -> DEBUG_RESUMED (RESUMED, STEP)
02:32:17.108 INFO: [TadState] TAD state changed: DEBUG_RESUMED -> READY (SUSPENDED, STEP)
02:32:17.928 INFO: [TadState] TAD state changed: READY -> DEBUG_RESUMED (RESUMED, STEP)
02:32:18.65 INFO: [TadState] TAD state changed: DEBUG_RESUMED -> READY (SUSPENDED, STEP)
02:32:19.30 INFO: [TadState] TAD state changed: READY -> DEBUG_RESUMED (RESUMED, STEP)
02:32:19.176 INFO: [TadState] TAD state changed: DEBUG_RESUMED -> READY (SUSPENDED, STEP)
02:32:20.897 INFO: [TadState] TAD state changed: READY -> DEBUG_RESUMED (RESUMED, STEP)
02:32:21.45 INFO: [TadState] TAD state changed: DEBUG_RESUMED -> READY (SUSPENDED, STEP)
02:32:21.907 INFO: [TadState] TAD state changed: READY -> DEBUG_RESUMED (RESUMED, STEP)
02:32:22.188 INFO: [TadState] TAD state changed: DEBUG_RESUMED -> READY (SUSPENDED, STEP)
02:32:23.409 INFO: [TadState] TAD state changed: READY -> DEBUG_RESUMED (RESUMED, STEP)
02:32:23.770 INFO: [TadState] TAD state changed: DEBUG_RESUMED -> READY (SUSPENDED, SIGNAL)
02:33:31.52 INFO: [TadModel] DSF session ID 3 has ended.
