"Task Aware Debugger for GDB" version 11.8.0 (202306131047)
Copyright 2016-2023 NXP
==================================
19:14:21.763 INFO: [TadModel] DSF session ID 4 has started.
19:14:29.683 INFO: [TadState] TAD state changed: DEBUG_STARTED -> DEBUG_INIT_0 (SUSPENDED, USER_REQUEST)
19:14:33.04 INFO: [TadState] TAD state changed: DEBUG_INIT_0 -> DEBUG_INIT_1 (RESUMED, USER_REQUEST)
19:14:33.50 INFO: [TadState] TAD state changed: DEBUG_INIT_1 -> DEBUG_SUSPENDED (SUSPENDED, BREAKPOINT)
19:14:36.841 INFO: [TadState] TAD state changed: DEBUG_SUSPENDED -> DEBUG_RESUMED (RESUMED, STEP)
19:14:36.969 INFO: [TadState] TAD state changed: DEBUG_RESUMED -> READY (SUSPENDED, STEP)
19:14:37.884 INFO: [TadState] TAD state changed: READY -> DEBUG_RESUMED (RESUMED, STEP)
19:14:37.999 INFO: [TadState] TAD state changed: DEBUG_RESUMED -> READY (SUSPENDED, STEP)
19:14:38.640 INFO: [TadState] TAD state changed: READY -> DEBUG_RESUMED (RESUMED, STEP)
19:14:38.779 INFO: [TadState] TAD state changed: DEBUG_RESUMED -> READY (SUSPENDED, STEP)
19:14:41.688 INFO: [TadState] TAD state changed: READY -> DEBUG_RESUMED (RESUMED, STEP)
19:14:41.805 INFO: [TadState] TAD state changed: DEBUG_RESUMED -> READY (SUSPENDED, STEP)
19:14:44.417 INFO: [TadState] TAD state changed: READY -> DEBUG_RESUMED (RESUMED, STEP)
19:14:44.540 INFO: [TadState] TAD state changed: DEBUG_RESUMED -> READY (SUSPENDED, STEP)
19:14:46.867 INFO: [TadState] TAD state changed: READY -> DEBUG_RESUMED (RESUMED, STEP)
19:14:46.976 INFO: [TadState] TAD state changed: DEBUG_RESUMED -> READY (SUSPENDED, BREAKPOINT)
19:14:52.896 INFO: [TadState] TAD state changed: READY -> DEBUG_RESUMED (RESUMED, STEP)
19:14:53.291 INFO: [TadState] TAD state changed: DEBUG_RESUMED -> READY (SUSPENDED, STEP)
19:15:13.700 INFO: [TadState] TAD state changed: READY -> DEBUG_RESUMED (RESUMED, STEP)
19:15:14.59 INFO: [TadState] TAD state changed: DEBUG_RESUMED -> READY (SUSPENDED, STEP)
19:15:15.725 INFO: [TadState] TAD state changed: READY -> DEBUG_RESUMED (RESUMED, STEP)
19:15:15.928 INFO: [TadState] TAD state changed: DEBUG_RESUMED -> READY (SUSPENDED, STEP)
19:15:17.318 INFO: [TadState] TAD state changed: READY -> DEBUG_RESUMED (RESUMED, STEP)
19:15:17.377 INFO: [TadState] TAD state changed: DEBUG_RESUMED -> READY (SUSPENDED, STEP)
19:15:18.747 INFO: [TadState] TAD state changed: READY -> DEBUG_RESUMED (RESUMED, STEP)
19:15:18.988 INFO: [TadState] TAD state changed: DEBUG_RESUMED -> READY (SUSPENDED, STEP)
19:15:22.331 INFO: [TadState] TAD state changed: READY -> DEBUG_RESUMED (RESUMED, STEP)
19:15:22.588 INFO: [TadState] TAD state changed: DEBUG_RESUMED -> READY (SUSPENDED, STEP)
19:15:30.450 INFO: [TadState] TAD state changed: READY -> DEBUG_RESUMED (RESUMED, STEP)
19:15:30.603 INFO: [TadState] TAD state changed: DEBUG_RESUMED -> READY (SUSPENDED, STEP)
19:15:35.846 INFO: [TadModel] DSF session ID 4 has ended.
