"Task Aware Debugger for GDB" version 11.8.0 (202306131047)
Copyright 2016-2023 NXP
==================================
02:34:32.416 INFO: [TadModel] DSF session ID 5 has started.
02:34:38.157 INFO: [TadState] TAD state changed: DEBUG_STARTED -> DEBUG_INIT_0 (SUSPENDED, USER_REQUEST)
02:34:40.392 INFO: [TadState] TAD state changed: DEBUG_INIT_0 -> DEBUG_INIT_1 (RESUMED, USER_REQUEST)
02:34:40.444 INFO: [TadState] TAD state changed: DEBUG_INIT_1 -> DEBUG_SUSPENDED (SUSPENDED, BREAKPOINT)
02:34:41.785 INFO: [TadState] TAD state changed: DEBUG_SUSPENDED -> DEBUG_RESUMED (RESUMED, STEP)
02:34:41.904 INFO: [TadState] TAD state changed: DEBUG_RESUMED -> READY (SUSPENDED, STEP)
02:34:42.544 INFO: [TadState] TAD state changed: READY -> DEBUG_RESUMED (RESUMED, STEP)
02:34:42.649 INFO: [TadState] TAD state changed: DEBUG_RESUMED -> READY (SUSPENDED, STEP)
02:34:43.141 INFO: [TadState] TAD state changed: READY -> DEBUG_RESUMED (RESUMED, STEP)
02:34:43.254 INFO: [TadState] TAD state changed: DEBUG_RESUMED -> READY (SUSPENDED, STEP)
02:34:44.393 INFO: [TadState] TAD state changed: READY -> DEBUG_RESUMED (RESUMED, STEP)
02:34:44.498 INFO: [TadState] TAD state changed: DEBUG_RESUMED -> READY (SUSPENDED, BREAKPOINT)
02:34:45.996 INFO: [TadState] TAD state changed: READY -> DEBUG_RESUMED (RESUMED, STEP)
02:34:46.135 INFO: [TadState] TAD state changed: DEBUG_RESUMED -> READY (SUSPENDED, STEP)
02:34:47.457 INFO: [TadState] TAD state changed: READY -> DEBUG_RESUMED (RESUMED, STEP)
02:34:47.649 INFO: [TadState] TAD state changed: DEBUG_RESUMED -> READY (SUSPENDED, BREAKPOINT)
02:34:49.150 INFO: [TadState] TAD state changed: READY -> DEBUG_RESUMED (RESUMED, STEP)
02:34:49.442 INFO: [TadState] TAD state changed: DEBUG_RESUMED -> READY (SUSPENDED, STEP)
02:34:50.420 INFO: [TadState] TAD state changed: READY -> DEBUG_RESUMED (RESUMED, STEP)
02:34:50.556 INFO: [TadState] TAD state changed: DEBUG_RESUMED -> READY (SUSPENDED, STEP)
02:34:51.320 INFO: [TadState] TAD state changed: READY -> DEBUG_RESUMED (RESUMED, STEP)
02:34:51.464 INFO: [TadState] TAD state changed: DEBUG_RESUMED -> READY (SUSPENDED, STEP)
02:34:52.382 INFO: [TadState] TAD state changed: READY -> DEBUG_RESUMED (RESUMED, STEP)
02:34:52.531 INFO: [TadState] TAD state changed: DEBUG_RESUMED -> READY (SUSPENDED, STEP)
02:34:53.409 INFO: [TadState] TAD state changed: READY -> DEBUG_RESUMED (RESUMED, STEP)
02:34:53.559 INFO: [TadState] TAD state changed: DEBUG_RESUMED -> READY (SUSPENDED, STEP)
02:34:54.383 INFO: [TadState] TAD state changed: READY -> DEBUG_RESUMED (RESUMED, STEP)
02:34:54.578 INFO: [TadState] TAD state changed: DEBUG_RESUMED -> READY (SUSPENDED, STEP)
02:34:55.272 INFO: [TadState] TAD state changed: READY -> DEBUG_RESUMED (RESUMED, STEP)
02:34:55.540 INFO: [TadState] TAD state changed: DEBUG_RESUMED -> READY (SUSPENDED, STEP)
02:34:57.158 INFO: [TadState] TAD state changed: READY -> DEBUG_RESUMED (RESUMED, STEP)
02:34:57.960 INFO: [TadState] TAD state changed: DEBUG_RESUMED -> READY (SUSPENDED, STEP)
02:34:59.112 INFO: [TadState] TAD state changed: READY -> DEBUG_RESUMED (RESUMED, STEP)
02:34:59.400 INFO: [TadState] TAD state changed: DEBUG_RESUMED -> READY (SUSPENDED, STEP)
02:35:00.174 INFO: [TadState] TAD state changed: READY -> DEBUG_RESUMED (RESUMED, STEP)
02:35:00.445 INFO: [TadState] TAD state changed: DEBUG_RESUMED -> READY (SUSPENDED, STEP)
02:35:01.55 INFO: [TadState] TAD state changed: READY -> DEBUG_RESUMED (RESUMED, STEP)
02:35:01.323 INFO: [TadState] TAD state changed: DEBUG_RESUMED -> READY (SUSPENDED, STEP)
02:35:04.719 INFO: [TadState] TAD state changed: READY -> DEBUG_RESUMED (RESUMED, STEP)
02:35:04.877 INFO: [TadState] TAD state changed: DEBUG_RESUMED -> READY (SUSPENDED, STEP)
02:35:05.809 INFO: [TadState] TAD state changed: READY -> DEBUG_RESUMED (RESUMED, STEP)
02:35:05.963 INFO: [TadState] TAD state changed: DEBUG_RESUMED -> READY (SUSPENDED, STEP)
02:35:06.681 INFO: [TadState] TAD state changed: READY -> DEBUG_RESUMED (RESUMED, STEP)
02:35:06.819 INFO: [TadState] TAD state changed: DEBUG_RESUMED -> READY (SUSPENDED, STEP)
02:35:07.487 INFO: [TadState] TAD state changed: READY -> DEBUG_RESUMED (RESUMED, STEP)
02:35:07.760 INFO: [TadState] TAD state changed: DEBUG_RESUMED -> READY (SUSPENDED, STEP)
02:35:10.654 INFO: [TadState] TAD state changed: READY -> DEBUG_RESUMED (RESUMED, STEP)
02:35:10.951 INFO: [TadState] TAD state changed: DEBUG_RESUMED -> READY (SUSPENDED, STEP)
02:35:52.119 INFO: [TadState] TAD state changed: READY -> DEBUG_RESUMED (RESUMED, STEP)
02:35:52.359 INFO: [TadState] TAD state changed: DEBUG_RESUMED -> READY (SUSPENDED, STEP)
02:36:00.786 INFO: [TadState] TAD state changed: READY -> DEBUG_RESUMED (RESUMED, STEP)
02:36:00.922 INFO: [TadState] TAD state changed: DEBUG_RESUMED -> READY (SUSPENDED, STEP)
02:36:02.210 INFO: [TadState] TAD state changed: READY -> DEBUG_RESUMED (RESUMED, STEP)
02:36:02.484 INFO: [TadState] TAD state changed: DEBUG_RESUMED -> READY (SUSPENDED, STEP)
02:36:03.501 INFO: [TadState] TAD state changed: READY -> DEBUG_RESUMED (RESUMED, STEP)
02:36:03.647 INFO: [TadState] TAD state changed: DEBUG_RESUMED -> READY (SUSPENDED, STEP)
02:36:04.274 INFO: [TadState] TAD state changed: READY -> DEBUG_RESUMED (RESUMED, STEP)
02:36:04.415 INFO: [TadState] TAD state changed: DEBUG_RESUMED -> READY (SUSPENDED, STEP)
02:36:04.906 INFO: [TadState] TAD state changed: READY -> DEBUG_RESUMED (RESUMED, STEP)
02:36:05.55 INFO: [TadState] TAD state changed: DEBUG_RESUMED -> READY (SUSPENDED, STEP)
02:36:05.715 INFO: [TadState] TAD state changed: READY -> DEBUG_RESUMED (RESUMED, STEP)
02:36:05.865 INFO: [TadState] TAD state changed: DEBUG_RESUMED -> READY (SUSPENDED, STEP)
02:36:06.301 INFO: [TadState] TAD state changed: READY -> DEBUG_RESUMED (RESUMED, STEP)
02:36:06.441 INFO: [TadState] TAD state changed: DEBUG_RESUMED -> READY (SUSPENDED, STEP)
02:36:06.921 INFO: [TadState] TAD state changed: READY -> DEBUG_RESUMED (RESUMED, STEP)
02:36:07.66 INFO: [TadState] TAD state changed: DEBUG_RESUMED -> READY (SUSPENDED, STEP)
02:36:07.490 INFO: [TadState] TAD state changed: READY -> DEBUG_RESUMED (RESUMED, STEP)
02:36:07.634 INFO: [TadState] TAD state changed: DEBUG_RESUMED -> READY (SUSPENDED, STEP)
02:36:08.62 INFO: [TadState] TAD state changed: READY -> DEBUG_RESUMED (RESUMED, STEP)
02:36:08.199 INFO: [TadState] TAD state changed: DEBUG_RESUMED -> READY (SUSPENDED, STEP)
02:36:08.627 INFO: [TadState] TAD state changed: READY -> DEBUG_RESUMED (RESUMED, STEP)
02:36:08.770 INFO: [TadState] TAD state changed: DEBUG_RESUMED -> READY (SUSPENDED, STEP)
02:36:09.323 INFO: [TadState] TAD state changed: READY -> DEBUG_RESUMED (RESUMED, STEP)
02:36:09.463 INFO: [TadState] TAD state changed: DEBUG_RESUMED -> READY (SUSPENDED, STEP)
02:36:10.53 INFO: [TadState] TAD state changed: READY -> DEBUG_RESUMED (RESUMED, STEP)
02:36:10.192 INFO: [TadState] TAD state changed: DEBUG_RESUMED -> READY (SUSPENDED, STEP)
02:36:10.735 INFO: [TadState] TAD state changed: READY -> DEBUG_RESUMED (RESUMED, STEP)
02:36:10.877 INFO: [TadState] TAD state changed: DEBUG_RESUMED -> READY (SUSPENDED, STEP)
02:36:11.337 INFO: [TadState] TAD state changed: READY -> DEBUG_RESUMED (RESUMED, STEP)
02:36:11.485 INFO: [TadState] TAD state changed: DEBUG_RESUMED -> READY (SUSPENDED, STEP)
02:36:12.01 INFO: [TadState] TAD state changed: READY -> DEBUG_RESUMED (RESUMED, STEP)
02:36:12.138 INFO: [TadState] TAD state changed: DEBUG_RESUMED -> READY (SUSPENDED, STEP)
02:36:13.26 INFO: [TadState] TAD state changed: READY -> DEBUG_RESUMED (RESUMED, STEP)
02:36:13.172 INFO: [TadState] TAD state changed: DEBUG_RESUMED -> READY (SUSPENDED, STEP)
02:36:14.313 INFO: [TadState] TAD state changed: READY -> DEBUG_RESUMED (RESUMED, STEP)
02:36:14.511 INFO: [TadState] TAD state changed: DEBUG_RESUMED -> READY (SUSPENDED, STEP)
02:36:18.167 INFO: [TadState] TAD state changed: READY -> DEBUG_RESUMED (RESUMED, STEP)
02:36:18.411 INFO: [TadState] TAD state changed: DEBUG_RESUMED -> READY (SUSPENDED, STEP)
02:36:19.245 INFO: [TadState] TAD state changed: READY -> DEBUG_RESUMED (RESUMED, STEP)
02:36:19.342 INFO: [TadState] TAD state changed: DEBUG_RESUMED -> READY (SUSPENDED, STEP)
02:36:26.433 INFO: [TadState] TAD state changed: READY -> DEBUG_RESUMED (RESUMED, STEP)
02:36:26.671 INFO: [TadState] TAD state changed: DEBUG_RESUMED -> READY (SUSPENDED, SIGNAL)
02:36:45.224 INFO: [TadState] TAD state changed: READY -> DEBUG_RESUMED (RESUMED, STEP)
02:37:02.958 INFO: [TadState] TAD state changed: DEBUG_RESUMED -> READY (SUSPENDED, SIGNAL)
02:37:05.369 INFO: [TadState] TAD state changed: READY -> DEBUG_RESUMED (RESUMED, USER_REQUEST)
02:37:05.418 INFO: [TadState] TAD state changed: DEBUG_RESUMED -> READY (SUSPENDED, SIGNAL)
02:37:07.872 INFO: [TadState] TAD state changed: READY -> DEBUG_RESUMED (RESUMED, STEP)
02:37:26.622 INFO: [TadState] TAD state changed: DEBUG_RESUMED -> READY (SUSPENDED, SIGNAL)
02:37:28.631 INFO: [TadModel] DSF session ID 5 has ended.
